[01:40:34, 13/04/2025] INFO: Ứng dụng khởi động
[01:40:34, 13/04/2025] INFO: MainUI khởi tạo
[01:40:34, 13/04/2025] INFO: LoginPanel khởi tạo
[01:40:34, 13/04/2025] INFO: Server started on port 8080
[01:40:36, 13/04/2025] INFO: Thử đăng nhập - Tên người dùng: 1
[01:40:36, 13/04/2025] INFO: Login response status: 200
[01:40:36, 13/04/2025] INFO: Login response body: Login successful
[01:40:36, 13/04/2025] INFO: Đăng nhập thành công cho người dùng: 1
[01:40:36, 13/04/2025] INFO: TableDataOperationsClient được khởi tạo với authHeader
[01:40:36, 13/04/2025] INFO: Hiển thị giao diện chính
[01:40:36, 13/04/2025] INFO: MenuPanel initialized
[01:40:36, 13/04/2025] INFO: Executing query: com.mysql.cj.jdbc.ClientPreparedStatement: SELECT TABLE_NAME, TABLE_COMMENT FROM INFORMATION_SCHEMA.TABLES WHERE TABLE_SCHEMA = 'ql_khachsan' AND TABLE_TYPE = 'BASE TABLE'
[01:40:36, 13/04/2025] INFO: Table info status: 200
[01:40:36, 13/04/2025] INFO: Table info body: [{"name":"chitietphieusddv","comment":"CHI TIẾT"},{"name":"dichvu","comment":"DỊCH VỤ"},{"name":"hoadon","comment":"HÓA ĐƠN"},{"name":"khachhang","comment":"KHÁCH HÀNG"},{"name":"loaiphong","comment":"LOẠI PHÒNG"},{"name":"nhanvien","comment":"NHÂN VIÊN"},{"name":"phieudatphong","comment":"PHIẾU ĐẶT PHÒNG"},{"name":"phieusddv","comment":"PHIẾU DỊCH VỤ"},{"name":"phong","comment":"QUẢN LÝ PHÒNG"}]
[01:40:37, 13/04/2025] INFO: Tên bảng: khachhang, Chú thích: KHÁCH HÀNG
[01:40:37, 13/04/2025] INFO: Kiểm tra bảng khachhang: tồn tại
[01:40:37, 13/04/2025] INFO: Truy vấn khóa chính cho khachhang: MaKhachHang
[01:40:37, 13/04/2025] INFO: Khóa chính Handler: MaKhachHang
[01:40:37, 13/04/2025] INFO: Table data status: 200
[01:40:37, 13/04/2025] INFO: Table data body: {"keyColumn":"MaKhachHang","columns":[{"name":"Sdt","comment":"Số điện thoại"},{"name":"TinhTrangKhach","comment":"Tình trạng"},{"name":"MaKhachHang","comment":"Mã khách hàng"},{"name":"TenKhachHang","comment":"Tên khách hàng"}],"data":[{"MaKhachHang":"KH001","TenKhachHang":"Nguyen Van B","Sdt":"0987654325","TinhTrangKhach":"Đang ở"},{"MaKhachHang":"KH002","TenKhachHang":"Le Thi B","Sdt":"0977654321","TinhTrangKhach":"Đã rời đi"},{"MaKhachHang":"KH003","TenKhachHang":"Tran Van C","Sdt":"0967654321","TinhTrangKhach":"Hủy đặt phòng"}]}
[01:40:37, 13/04/2025] INFO: Khóa chính API: MaKhachHang
[01:40:37, 13/04/2025] INFO: Khóa chính ContentPanel: MaKhachHang
[01:40:37, 13/04/2025] INFO: Tên bảng ContentPanel: khachhang
[01:40:38, 13/04/2025] INFO: Tên bảng: phieudatphong, Chú thích: PHIẾU ĐẶT PHÒNG
[01:40:38, 13/04/2025] INFO: Kiểm tra bảng phieudatphong: tồn tại
[01:40:38, 13/04/2025] INFO: Truy vấn khóa chính cho phieudatphong: MaPhieuDatPhong
[01:40:38, 13/04/2025] INFO: Khóa chính Handler: MaPhieuDatPhong
[01:40:38, 13/04/2025] INFO: Table data status: 200
[01:40:38, 13/04/2025] INFO: Table data body: {"keyColumn":"MaPhieuDatPhong","columns":[{"name":"MaHoaDon","comment":"Mã hóa đơn"},{"name":"MaNhanVien","comment":"Mã nhân viên"},{"name":"MaPhong","comment":"Mã phòng"},{"name":"NgayTraPhong","comment":"Ngày trả"},{"name":"NgayNhanPhong","comment":"Ngày nhận"},{"name":"MaKhachHang","comment":"Mã khách hàng"},{"name":"MaPhieuDatPhong","comment":"Mã phiếu"}],"data":[{"MaPhieuDatPhong":"PDP001","MaPhong":"P101","MaNhanVien":"NV001","MaKhachHang":"KH001","MaHoaDon":"HD001","NgayNhanPhong":"2025-03-01","NgayTraPhong":"2025-03-05"},{"MaPhieuDatPhong":"PDP002","MaPhong":"P102","MaNhanVien":"NV002","MaKhachHang":"KH002","MaHoaDon":"HD002","NgayNhanPhong":"2025-03-02","NgayTraPhong":"2025-03-06"},{"MaPhieuDatPhong":"PDP003","MaPhong":"P103","MaNhanVien":"NV003","MaKhachHang":"KH003","MaHoaDon":"HD003","NgayNhanPhong":"2025-03-03","NgayTraPhong":"2025-03-07"}]}
[01:40:38, 13/04/2025] INFO: Khóa chính API: MaPhieuDatPhong
[01:40:38, 13/04/2025] INFO: Khóa chính ContentPanel: MaPhieuDatPhong
[01:40:38, 13/04/2025] INFO: Tên bảng ContentPanel: phieudatphong
[01:40:39, 13/04/2025] INFO: Tên bảng: dichvu, Chú thích: DỊCH VỤ
[01:40:39, 13/04/2025] INFO: Kiểm tra bảng dichvu: tồn tại
[01:40:39, 13/04/2025] INFO: Truy vấn khóa chính cho dichvu: MaDichVu
[01:40:39, 13/04/2025] INFO: Khóa chính Handler: MaDichVu
[01:40:39, 13/04/2025] INFO: Table data status: 200
[01:40:39, 13/04/2025] INFO: Table data body: {"keyColumn":"MaDichVu","columns":[{"name":"GiaDichVu","comment":"Giá dịch vụ"},{"name":"MaDichVu","comment":"Mã dịch vụ"},{"name":"LoaiDichVu","comment":"Loại dịch vụ"}],"data":[{"MaDichVu":"DV001","LoaiDichVu":"Ăn uống","GiaDichVu":"500000.00"},{"MaDichVu":"DV002","LoaiDichVu":"Giặt ủi","GiaDichVu":"200000.00"},{"MaDichVu":"DV003","LoaiDichVu":"Spa","GiaDichVu":"1000000.00"},{"MaDichVu":"DV004","LoaiDichVu":"Thuê xe","GiaDichVu":"300000.00"},{"MaDichVu":"DV005","LoaiDichVu":"Công viên","GiaDichVu":"150000.00"},{"MaDichVu":"DV006","LoaiDichVu":"Massage","GiaDichVu":"800000.00"}]}
[01:40:39, 13/04/2025] INFO: Khóa chính API: MaDichVu
[01:40:39, 13/04/2025] INFO: Khóa chính ContentPanel: MaDichVu
[01:40:39, 13/04/2025] INFO: Tên bảng ContentPanel: dichvu
[01:40:39, 13/04/2025] INFO: Tên bảng: nhanvien, Chú thích: NHÂN VIÊN
[01:40:39, 13/04/2025] INFO: Kiểm tra bảng nhanvien: tồn tại
[01:40:39, 13/04/2025] INFO: Truy vấn khóa chính cho nhanvien: MaNhanVien
[01:40:39, 13/04/2025] INFO: Khóa chính Handler: MaNhanVien
[01:40:39, 13/04/2025] INFO: Table data status: 200
[01:40:39, 13/04/2025] INFO: Table data body: {"keyColumn":"MaNhanVien","columns":[{"name":"GioiTinh","comment":"Giới tính"},{"name":"MaNhanVien","comment":"Mã nhân viên"},{"name":"Sdt","comment":"Số điện thoại"},{"name":"TenNhanVien","comment":"Tên nhân viên"}],"data":[{"MaNhanVien":"NV001","TenNhanVien":"Nguyen Van X","Sdt":"0912345678","GioiTinh":"Nam"},{"MaNhanVien":"NV002","TenNhanVien":"Tran Thi Y","Sdt":"0922345678","GioiTinh":"Nữ"},{"MaNhanVien":"NV003","TenNhanVien":"Pham Van Z","Sdt":"0932345678","GioiTinh":"Nam"},{"MaNhanVien":"NV004","TenNhanVien":"Le Thi M","Sdt":"0942345678","GioiTinh":"Nữ"},{"MaNhanVien":"NV005","TenNhanVien":"Hoang Van N","Sdt":"0952345678","GioiTinh":"Nam"}]}
[01:40:39, 13/04/2025] INFO: Khóa chính API: MaNhanVien
[01:40:39, 13/04/2025] INFO: Khóa chính ContentPanel: MaNhanVien
[01:40:39, 13/04/2025] INFO: Tên bảng ContentPanel: nhanvien
[01:40:40, 13/04/2025] INFO: Tên bảng: phong, Chú thích: QUẢN LÝ PHÒNG
[01:40:40, 13/04/2025] INFO: Kiểm tra bảng phong: tồn tại
[01:40:40, 13/04/2025] INFO: Truy vấn khóa chính cho phong: MaPhong
[01:40:40, 13/04/2025] INFO: Khóa chính Handler: MaPhong
[01:40:40, 13/04/2025] INFO: Table data status: 200
[01:40:40, 13/04/2025] INFO: Table data body: {"keyColumn":"MaPhong","columns":[{"name":"MaPhong","comment":"Mã phòng"},{"name":"TenPhong","comment":"Tên phòng"},{"name":"MoTa","comment":"Mô tả phòng"},{"name":"TinhTrangPhong","comment":"Tình trạng"},{"name":"MaLoai","comment":"Mã loại phòng"}],"data":[{"MaPhong":"P101","TenPhong":"Phòng 101","MaLoai":"LP001","MoTa":"Hướng biển","TinhTrangPhong":"Trống"},{"MaPhong":"P102","TenPhong":"Phòng 102","MaLoai":"LP002","MoTa":"Có ban công","TinhTrangPhong":"Đang sử dụng"},{"MaPhong":"P103","TenPhong":"Phòng 103","MaLoai":"LP003","MoTa":"Gần hồ bơi","TinhTrangPhong":"Đã đặt trước"},{"MaPhong":"P104","TenPhong":"Phòng 104","MaLoai":"LP001","MoTa":"VIP view đẹp","TinhTrangPhong":"Trống"},{"MaPhong":"P105","TenPhong":"Phòng 105","MaLoai":"LP002","MoTa":"Có cửa sổ","TinhTrangPhong":"Bảo trì"},{"MaPhong":"P106","TenPhong":"Phòng 106","MaLoai":"LP003","MoTa":"Hướng núi","TinhTrangPhong":"Trống"},{"MaPhong":"P107","TenPhong":"Phòng 107","MaLoai":"LP001","MoTa":"VIP rộng rãi","TinhTrangPhong":"Đã đặt trước"},{"MaPhong":"P108","TenPhong":"Phòng 108","MaLoai":"LP002","MoTa":"Có bồn tắm","TinhTrangPhong":"Đang sử dụng"},{"MaPhong":"P109","TenPhong":"Phòng 109","MaLoai":"LP003","MoTa":"Gần phòng gym","TinhTrangPhong":"Trống"},{"MaPhong":"P110","TenPhong":"Phòng 110","MaLoai":"LP001","MoTa":"Siêu VIP","TinhTrangPhong":"Trống"}]}
[01:40:40, 13/04/2025] INFO: Khóa chính API: MaPhong
[01:40:40, 13/04/2025] INFO: Khóa chính ContentPanel: MaPhong
[01:40:40, 13/04/2025] INFO: Tên bảng ContentPanel: phong
[01:40:40, 13/04/2025] INFO: Tên bảng: phieusddv, Chú thích: PHIẾU DỊCH VỤ
[01:40:40, 13/04/2025] INFO: Kiểm tra bảng phieusddv: tồn tại
[01:40:40, 13/04/2025] INFO: Truy vấn khóa chính cho phieusddv: MaPhieuSDDV
[01:40:40, 13/04/2025] INFO: Khóa chính Handler: MaPhieuSDDV
[01:40:40, 13/04/2025] INFO: Table data status: 200
[01:40:40, 13/04/2025] INFO: Table data body: {"keyColumn":"MaPhieuSDDV","columns":[{"name":"MaNhanVien","comment":"Mã nhân viên"},{"name":"NgaySDDV","comment":"Ngày sử dụng"},{"name":"MaPhieuSDDV","comment":"Mã phiếu"},{"name":"MaKhachHang","comment":"Mã khách hàng"}],"data":[{"MaPhieuSDDV":"PSDDV001","MaKhachHang":"KH001","MaNhanVien":"NV001","NgaySDDV":"2025-03-01"},{"MaPhieuSDDV":"PSDDV002","MaKhachHang":"KH002","MaNhanVien":"NV002","NgaySDDV":"2025-03-02"},{"MaPhieuSDDV":"PSDDV003","MaKhachHang":"KH003","MaNhanVien":"NV003","NgaySDDV":"2025-03-03"}]}
[01:40:40, 13/04/2025] INFO: Khóa chính API: MaPhieuSDDV
[01:40:40, 13/04/2025] INFO: Khóa chính ContentPanel: MaPhieuSDDV
[01:40:40, 13/04/2025] INFO: Tên bảng ContentPanel: phieusddv
[01:40:44, 13/04/2025] INFO: Tên bảng: HOME, Chú thích: TRANG CHỦ
[01:40:46, 13/04/2025] INFO: Tên bảng: HOME, Chú thích: TRANG CHỦ
[01:40:46, 13/04/2025] INFO: Tên bảng: khachhang, Chú thích: KHÁCH HÀNG
[01:40:46, 13/04/2025] INFO: Kiểm tra bảng khachhang: tồn tại
[01:40:46, 13/04/2025] INFO: Truy vấn khóa chính cho khachhang: MaKhachHang
[01:40:46, 13/04/2025] INFO: Khóa chính Handler: MaKhachHang
[01:40:46, 13/04/2025] INFO: Table data status: 200
[01:40:46, 13/04/2025] INFO: Table data body: {"keyColumn":"MaKhachHang","columns":[{"name":"Sdt","comment":"Số điện thoại"},{"name":"TinhTrangKhach","comment":"Tình trạng"},{"name":"MaKhachHang","comment":"Mã khách hàng"},{"name":"TenKhachHang","comment":"Tên khách hàng"}],"data":[{"MaKhachHang":"KH001","TenKhachHang":"Nguyen Van B","Sdt":"0987654325","TinhTrangKhach":"Đang ở"},{"MaKhachHang":"KH002","TenKhachHang":"Le Thi B","Sdt":"0977654321","TinhTrangKhach":"Đã rời đi"},{"MaKhachHang":"KH003","TenKhachHang":"Tran Van C","Sdt":"0967654321","TinhTrangKhach":"Hủy đặt phòng"}]}
[01:40:46, 13/04/2025] INFO: Khóa chính API: MaKhachHang
[01:40:46, 13/04/2025] INFO: Khóa chính ContentPanel: MaKhachHang
[01:40:46, 13/04/2025] INFO: Tên bảng ContentPanel: khachhang
[01:40:47, 13/04/2025] INFO: Tên bảng: HOME, Chú thích: TRANG CHỦ
[01:40:48, 13/04/2025] INFO: Tên bảng: phieusddv, Chú thích: PHIẾU DỊCH VỤ
[01:40:48, 13/04/2025] INFO: Kiểm tra bảng phieusddv: tồn tại
[01:40:48, 13/04/2025] INFO: Truy vấn khóa chính cho phieusddv: MaPhieuSDDV
[01:40:48, 13/04/2025] INFO: Khóa chính Handler: MaPhieuSDDV
[01:40:48, 13/04/2025] INFO: Table data status: 200
[01:40:48, 13/04/2025] INFO: Table data body: {"keyColumn":"MaPhieuSDDV","columns":[{"name":"MaNhanVien","comment":"Mã nhân viên"},{"name":"NgaySDDV","comment":"Ngày sử dụng"},{"name":"MaPhieuSDDV","comment":"Mã phiếu"},{"name":"MaKhachHang","comment":"Mã khách hàng"}],"data":[{"MaPhieuSDDV":"PSDDV001","MaKhachHang":"KH001","MaNhanVien":"NV001","NgaySDDV":"2025-03-01"},{"MaPhieuSDDV":"PSDDV002","MaKhachHang":"KH002","MaNhanVien":"NV002","NgaySDDV":"2025-03-02"},{"MaPhieuSDDV":"PSDDV003","MaKhachHang":"KH003","MaNhanVien":"NV003","NgaySDDV":"2025-03-03"}]}
[01:40:48, 13/04/2025] INFO: Khóa chính API: MaPhieuSDDV
[01:40:48, 13/04/2025] INFO: Khóa chính ContentPanel: MaPhieuSDDV
[01:40:48, 13/04/2025] INFO: Tên bảng ContentPanel: phieusddv
[01:40:49, 13/04/2025] INFO: Tên bảng: HOME, Chú thích: TRANG CHỦ
[01:40:50, 13/04/2025] INFO: Tên bảng: chitietphieusddv, Chú thích: CHI TIẾT
[01:40:50, 13/04/2025] INFO: Kiểm tra bảng chitietphieusddv: tồn tại
[01:40:50, 13/04/2025] INFO: Truy vấn khóa chính cho chitietphieusddv: MaPhieuSDDV
[01:40:50, 13/04/2025] INFO: Khóa chính Handler: MaPhieuSDDV
[01:40:50, 13/04/2025] INFO: Table data status: 200
[01:40:50, 13/04/2025] INFO: Table data body: {"keyColumn":"MaPhieuSDDV","columns":[{"name":"MaPhieuSDDV","comment":"Mã phiếu"},{"name":"SoLuongDichVu","comment":"Số lượng"},{"name":"MaDichVu","comment":"Mã dịch vụ"}],"data":[{"MaPhieuSDDV":"PSDDV001","MaDichVu":"DV001","SoLuongDichVu":"2"},{"MaPhieuSDDV":"PSDDV001","MaDichVu":"DV002","SoLuongDichVu":"1"},{"MaPhieuSDDV":"PSDDV002","MaDichVu":"DV003","SoLuongDichVu":"3"},{"MaPhieuSDDV":"PSDDV002","MaDichVu":"DV004","SoLuongDichVu":"2"},{"MaPhieuSDDV":"PSDDV003","MaDichVu":"DV005","SoLuongDichVu":"1"},{"MaPhieuSDDV":"PSDDV003","MaDichVu":"DV006","SoLuongDichVu":"2"}]}
[01:40:50, 13/04/2025] INFO: Khóa chính API: MaPhieuSDDV
[01:40:50, 13/04/2025] INFO: Khóa chính ContentPanel: MaPhieuSDDV
[01:40:50, 13/04/2025] INFO: Tên bảng ContentPanel: chitietphieusddv
[01:40:51, 13/04/2025] INFO: Tên bảng: phieusddv, Chú thích: PHIẾU DỊCH VỤ
[01:40:51, 13/04/2025] INFO: Kiểm tra bảng phieusddv: tồn tại
[01:40:51, 13/04/2025] INFO: Truy vấn khóa chính cho phieusddv: MaPhieuSDDV
[01:40:51, 13/04/2025] INFO: Khóa chính Handler: MaPhieuSDDV
[01:40:51, 13/04/2025] INFO: Table data status: 200
[01:40:51, 13/04/2025] INFO: Table data body: {"keyColumn":"MaPhieuSDDV","columns":[{"name":"MaNhanVien","comment":"Mã nhân viên"},{"name":"NgaySDDV","comment":"Ngày sử dụng"},{"name":"MaPhieuSDDV","comment":"Mã phiếu"},{"name":"MaKhachHang","comment":"Mã khách hàng"}],"data":[{"MaPhieuSDDV":"PSDDV001","MaKhachHang":"KH001","MaNhanVien":"NV001","NgaySDDV":"2025-03-01"},{"MaPhieuSDDV":"PSDDV002","MaKhachHang":"KH002","MaNhanVien":"NV002","NgaySDDV":"2025-03-02"},{"MaPhieuSDDV":"PSDDV003","MaKhachHang":"KH003","MaNhanVien":"NV003","NgaySDDV":"2025-03-03"}]}
[01:40:51, 13/04/2025] INFO: Khóa chính API: MaPhieuSDDV
[01:40:51, 13/04/2025] INFO: Khóa chính ContentPanel: MaPhieuSDDV
[01:40:51, 13/04/2025] INFO: Tên bảng ContentPanel: phieusddv
[01:40:52, 13/04/2025] INFO: Tên bảng: khachhang, Chú thích: KHÁCH HÀNG
[01:40:52, 13/04/2025] INFO: Kiểm tra bảng khachhang: tồn tại
[01:40:52, 13/04/2025] INFO: Truy vấn khóa chính cho khachhang: MaKhachHang
[01:40:52, 13/04/2025] INFO: Khóa chính Handler: MaKhachHang
[01:40:52, 13/04/2025] INFO: Table data status: 200
[01:40:52, 13/04/2025] INFO: Table data body: {"keyColumn":"MaKhachHang","columns":[{"name":"Sdt","comment":"Số điện thoại"},{"name":"TinhTrangKhach","comment":"Tình trạng"},{"name":"MaKhachHang","comment":"Mã khách hàng"},{"name":"TenKhachHang","comment":"Tên khách hàng"}],"data":[{"MaKhachHang":"KH001","TenKhachHang":"Nguyen Van B","Sdt":"0987654325","TinhTrangKhach":"Đang ở"},{"MaKhachHang":"KH002","TenKhachHang":"Le Thi B","Sdt":"0977654321","TinhTrangKhach":"Đã rời đi"},{"MaKhachHang":"KH003","TenKhachHang":"Tran Van C","Sdt":"0967654321","TinhTrangKhach":"Hủy đặt phòng"}]}
[01:40:52, 13/04/2025] INFO: Khóa chính API: MaKhachHang
[01:40:52, 13/04/2025] INFO: Khóa chính ContentPanel: MaKhachHang
[01:40:52, 13/04/2025] INFO: Tên bảng ContentPanel: khachhang
[01:40:53, 13/04/2025] INFO: Tên bảng: loaiphong, Chú thích: LOẠI PHÒNG
[01:40:53, 13/04/2025] INFO: Kiểm tra bảng loaiphong: tồn tại
[01:40:53, 13/04/2025] INFO: Truy vấn khóa chính cho loaiphong: Maloai
[01:40:53, 13/04/2025] INFO: Khóa chính Handler: Maloai
[01:40:53, 13/04/2025] INFO: Table data status: 200
[01:40:53, 13/04/2025] INFO: Table data body: {"keyColumn":"Maloai","columns":[{"name":"TenLoaiPhong","comment":"Tên loại phòng"},{"name":"Maloai","comment":"Mã loại phòng"},{"name":"GiaLoai","comment":"Giá loại phòng"}],"data":[{"Maloai":"LP001","TenLoaiPhong":"VIP","GiaLoai":"2000000.00"},{"Maloai":"LP002","TenLoaiPhong":"Đơn","GiaLoai":"800000.00"},{"Maloai":"LP003","TenLoaiPhong":"Đôi","GiaLoai":"1200000.00"}]}
[01:40:53, 13/04/2025] INFO: Khóa chính API: Maloai
[01:40:53, 13/04/2025] INFO: Khóa chính ContentPanel: Maloai
[01:40:53, 13/04/2025] INFO: Tên bảng ContentPanel: loaiphong
[01:40:54, 13/04/2025] INFO: Tên bảng: HOME, Chú thích: TRANG CHỦ
[01:40:55, 13/04/2025] INFO: Tên bảng: dichvu, Chú thích: DỊCH VỤ
[01:40:55, 13/04/2025] INFO: Kiểm tra bảng dichvu: tồn tại
[01:40:55, 13/04/2025] INFO: Truy vấn khóa chính cho dichvu: MaDichVu
[01:40:55, 13/04/2025] INFO: Khóa chính Handler: MaDichVu
[01:40:55, 13/04/2025] INFO: Table data status: 200
[01:40:55, 13/04/2025] INFO: Table data body: {"keyColumn":"MaDichVu","columns":[{"name":"GiaDichVu","comment":"Giá dịch vụ"},{"name":"MaDichVu","comment":"Mã dịch vụ"},{"name":"LoaiDichVu","comment":"Loại dịch vụ"}],"data":[{"MaDichVu":"DV001","LoaiDichVu":"Ăn uống","GiaDichVu":"500000.00"},{"MaDichVu":"DV002","LoaiDichVu":"Giặt ủi","GiaDichVu":"200000.00"},{"MaDichVu":"DV003","LoaiDichVu":"Spa","GiaDichVu":"1000000.00"},{"MaDichVu":"DV004","LoaiDichVu":"Thuê xe","GiaDichVu":"300000.00"},{"MaDichVu":"DV005","LoaiDichVu":"Công viên","GiaDichVu":"150000.00"},{"MaDichVu":"DV006","LoaiDichVu":"Massage","GiaDichVu":"800000.00"}]}
[01:40:55, 13/04/2025] INFO: Khóa chính API: MaDichVu
[01:40:55, 13/04/2025] INFO: Khóa chính ContentPanel: MaDichVu
[01:40:55, 13/04/2025] INFO: Tên bảng ContentPanel: dichvu
[01:40:56, 13/04/2025] INFO: Tên bảng: hoadon, Chú thích: HÓA ĐƠN
[01:40:56, 13/04/2025] INFO: Kiểm tra bảng hoadon: tồn tại
[01:40:56, 13/04/2025] INFO: Truy vấn khóa chính cho hoadon: MaHoaDon
[01:40:56, 13/04/2025] INFO: Khóa chính Handler: MaHoaDon
[01:40:56, 13/04/2025] INFO: Table data status: 200
[01:40:56, 13/04/2025] INFO: Table data body: {"keyColumn":"MaHoaDon","columns":[{"name":"MaHoaDon","comment":"Mã hóa đơn"},{"name":"MaNhanVien","comment":"Mã nhân viên"},{"name":"Ngay","comment":"Ngày tạo"},{"name":"MaKhachHang","comment":"Mã khách hàng"}],"data":[{"MaHoaDon":"HD001","MaNhanVien":"NV001","MaKhachHang":"KH001","Ngay":"2025-03-01"},{"MaHoaDon":"HD002","MaNhanVien":"NV002","MaKhachHang":"KH002","Ngay":"2025-03-02"},{"MaHoaDon":"HD003","MaNhanVien":"NV003","MaKhachHang":"KH003","Ngay":"2025-03-03"}]}
[01:40:56, 13/04/2025] INFO: Khóa chính API: MaHoaDon
[01:40:56, 13/04/2025] INFO: Khóa chính ContentPanel: MaHoaDon
[01:40:56, 13/04/2025] INFO: Tên bảng ContentPanel: hoadon
[01:40:56, 13/04/2025] INFO: Tên bảng: HOME, Chú thích: TRANG CHỦ
[01:40:57, 13/04/2025] INFO: Tên bảng: phong, Chú thích: QUẢN LÝ PHÒNG
[01:40:57, 13/04/2025] INFO: Kiểm tra bảng phong: tồn tại
[01:40:57, 13/04/2025] INFO: Truy vấn khóa chính cho phong: MaPhong
[01:40:57, 13/04/2025] INFO: Khóa chính Handler: MaPhong
[01:40:57, 13/04/2025] INFO: Table data status: 200
[01:40:57, 13/04/2025] INFO: Table data body: {"keyColumn":"MaPhong","columns":[{"name":"MaPhong","comment":"Mã phòng"},{"name":"TenPhong","comment":"Tên phòng"},{"name":"MoTa","comment":"Mô tả phòng"},{"name":"TinhTrangPhong","comment":"Tình trạng"},{"name":"MaLoai","comment":"Mã loại phòng"}],"data":[{"MaPhong":"P101","TenPhong":"Phòng 101","MaLoai":"LP001","MoTa":"Hướng biển","TinhTrangPhong":"Trống"},{"MaPhong":"P102","TenPhong":"Phòng 102","MaLoai":"LP002","MoTa":"Có ban công","TinhTrangPhong":"Đang sử dụng"},{"MaPhong":"P103","TenPhong":"Phòng 103","MaLoai":"LP003","MoTa":"Gần hồ bơi","TinhTrangPhong":"Đã đặt trước"},{"MaPhong":"P104","TenPhong":"Phòng 104","MaLoai":"LP001","MoTa":"VIP view đẹp","TinhTrangPhong":"Trống"},{"MaPhong":"P105","TenPhong":"Phòng 105","MaLoai":"LP002","MoTa":"Có cửa sổ","TinhTrangPhong":"Bảo trì"},{"MaPhong":"P106","TenPhong":"Phòng 106","MaLoai":"LP003","MoTa":"Hướng núi","TinhTrangPhong":"Trống"},{"MaPhong":"P107","TenPhong":"Phòng 107","MaLoai":"LP001","MoTa":"VIP rộng rãi","TinhTrangPhong":"Đã đặt trước"},{"MaPhong":"P108","TenPhong":"Phòng 108","MaLoai":"LP002","MoTa":"Có bồn tắm","TinhTrangPhong":"Đang sử dụng"},{"MaPhong":"P109","TenPhong":"Phòng 109","MaLoai":"LP003","MoTa":"Gần phòng gym","TinhTrangPhong":"Trống"},{"MaPhong":"P110","TenPhong":"Phòng 110","MaLoai":"LP001","MoTa":"Siêu VIP","TinhTrangPhong":"Trống"}]}
[01:40:57, 13/04/2025] INFO: Khóa chính API: MaPhong
[01:40:57, 13/04/2025] INFO: Khóa chính ContentPanel: MaPhong
[01:40:57, 13/04/2025] INFO: Tên bảng ContentPanel: phong
[01:40:58, 13/04/2025] INFO: Tên bảng: khachhang, Chú thích: KHÁCH HÀNG
[01:40:58, 13/04/2025] INFO: Kiểm tra bảng khachhang: tồn tại
[01:40:58, 13/04/2025] INFO: Truy vấn khóa chính cho khachhang: MaKhachHang
[01:40:58, 13/04/2025] INFO: Khóa chính Handler: MaKhachHang
[01:40:58, 13/04/2025] INFO: Table data status: 200
[01:40:58, 13/04/2025] INFO: Table data body: {"keyColumn":"MaKhachHang","columns":[{"name":"Sdt","comment":"Số điện thoại"},{"name":"TinhTrangKhach","comment":"Tình trạng"},{"name":"MaKhachHang","comment":"Mã khách hàng"},{"name":"TenKhachHang","comment":"Tên khách hàng"}],"data":[{"MaKhachHang":"KH001","TenKhachHang":"Nguyen Van B","Sdt":"0987654325","TinhTrangKhach":"Đang ở"},{"MaKhachHang":"KH002","TenKhachHang":"Le Thi B","Sdt":"0977654321","TinhTrangKhach":"Đã rời đi"},{"MaKhachHang":"KH003","TenKhachHang":"Tran Van C","Sdt":"0967654321","TinhTrangKhach":"Hủy đặt phòng"}]}
[01:40:58, 13/04/2025] INFO: Khóa chính API: MaKhachHang
[01:40:58, 13/04/2025] INFO: Khóa chính ContentPanel: MaKhachHang
[01:40:58, 13/04/2025] INFO: Tên bảng ContentPanel: khachhang
[01:40:59, 13/04/2025] INFO: Tên bảng: loaiphong, Chú thích: LOẠI PHÒNG
[01:40:59, 13/04/2025] INFO: Kiểm tra bảng loaiphong: tồn tại
[01:40:59, 13/04/2025] INFO: Truy vấn khóa chính cho loaiphong: Maloai
[01:40:59, 13/04/2025] INFO: Khóa chính Handler: Maloai
[01:40:59, 13/04/2025] INFO: Table data status: 200
[01:40:59, 13/04/2025] INFO: Table data body: {"keyColumn":"Maloai","columns":[{"name":"TenLoaiPhong","comment":"Tên loại phòng"},{"name":"Maloai","comment":"Mã loại phòng"},{"name":"GiaLoai","comment":"Giá loại phòng"}],"data":[{"Maloai":"LP001","TenLoaiPhong":"VIP","GiaLoai":"2000000.00"},{"Maloai":"LP002","TenLoaiPhong":"Đơn","GiaLoai":"800000.00"},{"Maloai":"LP003","TenLoaiPhong":"Đôi","GiaLoai":"1200000.00"}]}
[01:40:59, 13/04/2025] INFO: Khóa chính API: Maloai
[01:40:59, 13/04/2025] INFO: Khóa chính ContentPanel: Maloai
[01:40:59, 13/04/2025] INFO: Tên bảng ContentPanel: loaiphong
[01:41:00, 13/04/2025] INFO: Tên bảng: nhanvien, Chú thích: NHÂN VIÊN
[01:41:00, 13/04/2025] INFO: Kiểm tra bảng nhanvien: tồn tại
[01:41:00, 13/04/2025] INFO: Truy vấn khóa chính cho nhanvien: MaNhanVien
[01:41:00, 13/04/2025] INFO: Khóa chính Handler: MaNhanVien
[01:41:00, 13/04/2025] INFO: Table data status: 200
[01:41:00, 13/04/2025] INFO: Table data body: {"keyColumn":"MaNhanVien","columns":[{"name":"GioiTinh","comment":"Giới tính"},{"name":"MaNhanVien","comment":"Mã nhân viên"},{"name":"Sdt","comment":"Số điện thoại"},{"name":"TenNhanVien","comment":"Tên nhân viên"}],"data":[{"MaNhanVien":"NV001","TenNhanVien":"Nguyen Van X","Sdt":"0912345678","GioiTinh":"Nam"},{"MaNhanVien":"NV002","TenNhanVien":"Tran Thi Y","Sdt":"0922345678","GioiTinh":"Nữ"},{"MaNhanVien":"NV003","TenNhanVien":"Pham Van Z","Sdt":"0932345678","GioiTinh":"Nam"},{"MaNhanVien":"NV004","TenNhanVien":"Le Thi M","Sdt":"0942345678","GioiTinh":"Nữ"},{"MaNhanVien":"NV005","TenNhanVien":"Hoang Van N","Sdt":"0952345678","GioiTinh":"Nam"}]}
[01:41:00, 13/04/2025] INFO: Khóa chính API: MaNhanVien
[01:41:00, 13/04/2025] INFO: Khóa chính ContentPanel: MaNhanVien
[01:41:00, 13/04/2025] INFO: Tên bảng ContentPanel: nhanvien
[01:41:01, 13/04/2025] INFO: Tên bảng: phieusddv, Chú thích: PHIẾU DỊCH VỤ
[01:41:01, 13/04/2025] INFO: Kiểm tra bảng phieusddv: tồn tại
[01:41:01, 13/04/2025] INFO: Truy vấn khóa chính cho phieusddv: MaPhieuSDDV
[01:41:01, 13/04/2025] INFO: Khóa chính Handler: MaPhieuSDDV
[01:41:01, 13/04/2025] INFO: Table data status: 200
[01:41:01, 13/04/2025] INFO: Table data body: {"keyColumn":"MaPhieuSDDV","columns":[{"name":"MaNhanVien","comment":"Mã nhân viên"},{"name":"NgaySDDV","comment":"Ngày sử dụng"},{"name":"MaPhieuSDDV","comment":"Mã phiếu"},{"name":"MaKhachHang","comment":"Mã khách hàng"}],"data":[{"MaPhieuSDDV":"PSDDV001","MaKhachHang":"KH001","MaNhanVien":"NV001","NgaySDDV":"2025-03-01"},{"MaPhieuSDDV":"PSDDV002","MaKhachHang":"KH002","MaNhanVien":"NV002","NgaySDDV":"2025-03-02"},{"MaPhieuSDDV":"PSDDV003","MaKhachHang":"KH003","MaNhanVien":"NV003","NgaySDDV":"2025-03-03"}]}
[01:41:01, 13/04/2025] INFO: Khóa chính API: MaPhieuSDDV
[01:41:01, 13/04/2025] INFO: Khóa chính ContentPanel: MaPhieuSDDV
[01:41:01, 13/04/2025] INFO: Tên bảng ContentPanel: phieusddv
